<?xml version="1.0" encoding="UTF-8"?><testsuite errors="0" failures="0" name="com.herokuapp.booker.bookinginfo.BookingCURDTestWithSteps" skipped="0" tests="5" time="8.91" timestamp="2022-06-05T05:12:00.530+01:00[Europe/London]"><testcase classname="com.herokuapp.booker.bookinginfo.BookingCURDTestWithSteps" name="This is for authentication"/><testcase classname="com.herokuapp.booker.bookinginfo.BookingCURDTestWithSteps" name="This will create a new Booking"/><testcase classname="com.herokuapp.booker.bookinginfo.BookingCURDTestWithSteps" name="Verify if the Booking was done correctly"/><testcase classname="com.herokuapp.booker.bookinginfo.BookingCURDTestWithSteps" name="Update the booking"/><testcase classname="com.herokuapp.booker.bookinginfo.BookingCURDTestWithSteps" name="Delete the booking"/></testsuite>